  [1m[36m (516.9ms)[0m  [1mCREATE TABLE "schema_migrations" ("version" varchar(255) NOT NULL) [0m
  [1m[35m (210.9ms)[0m  CREATE UNIQUE INDEX "unique_schema_migrations" ON "schema_migrations" ("version")
  [1m[36mActiveRecord::SchemaMigration Load (0.2ms)[0m  [1mSELECT "schema_migrations".* FROM "schema_migrations"[0m
Migrating to CreateUsers (20130311191400)
  [1m[35m (0.1ms)[0m  begin transaction
  [1m[36m (0.5ms)[0m  [1mCREATE TABLE "users" ("id" INTEGER PRIMARY KEY AUTOINCREMENT NOT NULL, "name" varchar(255), "email" varchar(255), "created_at" datetime, "updated_at" datetime) [0m
  [1m[35mSQL (0.3ms)[0m  INSERT INTO "schema_migrations" ("version") VALUES (?)  [["version", "20130311191400"]]
  [1m[36m (242.8ms)[0m  [1mcommit transaction[0m
Migrating to AddIndexToUsersEmail (20130311194153)
  [1m[35m (0.1ms)[0m  begin transaction
  [1m[36m (0.5ms)[0m  [1mCREATE UNIQUE INDEX "index_users_on_email" ON "users" ("email")[0m
  [1m[35mSQL (0.3ms)[0m  INSERT INTO "schema_migrations" ("version") VALUES (?)  [["version", "20130311194153"]]
  [1m[36m (273.6ms)[0m  [1mcommit transaction[0m
Migrating to AddPasswordDigestToUsers (20130311201841)
  [1m[35m (0.1ms)[0m  begin transaction
  [1m[36m (0.4ms)[0m  [1mALTER TABLE "users" ADD "password_digest" varchar(255)[0m
  [1m[35mSQL (0.4ms)[0m  INSERT INTO "schema_migrations" ("version") VALUES (?)  [["version", "20130311201841"]]
  [1m[36m (217.8ms)[0m  [1mcommit transaction[0m
Migrating to AddRememberTokenToUsers (20130314184954)
  [1m[35m (0.3ms)[0m  begin transaction
  [1m[36m (0.9ms)[0m  [1mALTER TABLE "users" ADD "remember_token" varchar(255)[0m
  [1m[35m (0.5ms)[0m  CREATE INDEX "index_users_on_remember_token" ON "users" ("remember_token")
  [1m[36mSQL (0.2ms)[0m  [1mINSERT INTO "schema_migrations" ("version") VALUES (?)[0m  [["version", "20130314184954"]]
  [1m[35m (259.3ms)[0m  commit transaction
Migrating to AddAdminToUsers (20130315015932)
  [1m[36m (0.4ms)[0m  [1mbegin transaction[0m
  [1m[35m (0.5ms)[0m  ALTER TABLE "users" ADD "admin" boolean
  [1m[36mSQL (0.4ms)[0m  [1mINSERT INTO "schema_migrations" ("version") VALUES (?)[0m  [["version", "20130315015932"]]
  [1m[35m (338.9ms)[0m  commit transaction
Migrating to CreateMicroposts (20130315175534)
  [1m[36m (0.1ms)[0m  [1mbegin transaction[0m
  [1m[35m (0.4ms)[0m  CREATE TABLE "microposts" ("id" INTEGER PRIMARY KEY AUTOINCREMENT NOT NULL, "content" varchar(255), "user_id" integer, "created_at" datetime, "updated_at" datetime) 
  [1m[36m (0.3ms)[0m  [1mCREATE INDEX "index_microposts_on_user_id_and_created_at" ON "microposts" ("user_id", "created_at")[0m
  [1m[35mSQL (0.2ms)[0m  INSERT INTO "schema_migrations" ("version") VALUES (?)  [["version", "20130315175534"]]
  [1m[36m (269.0ms)[0m  [1mcommit transaction[0m
Migrating to CreateRelationships (20130315230445)
  [1m[35m (0.3ms)[0m  begin transaction
  [1m[36m (0.9ms)[0m  [1mCREATE TABLE "relationships" ("id" INTEGER PRIMARY KEY AUTOINCREMENT NOT NULL, "follower_id" integer, "followed_id" integer, "created_at" datetime, "updated_at" datetime) [0m
  [1m[35m (0.6ms)[0m  CREATE INDEX "index_relationships_on_follower_id" ON "relationships" ("follower_id")
  [1m[36m (0.6ms)[0m  [1mCREATE INDEX "index_relationships_on_followed_id" ON "relationships" ("followed_id")[0m
  [1m[35m (1.0ms)[0m  CREATE UNIQUE INDEX "index_relationships_on_follower_id_and_followed_id" ON "relationships" ("follower_id", "followed_id")
  [1m[36mSQL (0.5ms)[0m  [1mINSERT INTO "schema_migrations" ("version") VALUES (?)[0m  [["version", "20130315230445"]]
  [1m[35m (296.4ms)[0m  commit transaction
  [1m[36mActiveRecord::SchemaMigration Load (0.1ms)[0m  [1mSELECT "schema_migrations".* FROM "schema_migrations"[0m
  [1m[36mActiveRecord::SchemaMigration Load (0.2ms)[0m  [1mSELECT "schema_migrations".* FROM "schema_migrations"[0m
  [1m[35mActiveRecord::SchemaMigration Load (0.1ms)[0m  SELECT "schema_migrations".* FROM "schema_migrations"


Started GET "/" for 127.0.0.1 at 2014-04-23 15:24:11 -0700
  [1m[36mActiveRecord::SchemaMigration Load (0.2ms)[0m  [1mSELECT "schema_migrations".* FROM "schema_migrations"[0m
Processing by StaticPagesController#home as HTML
  [1m[35mUser Load (0.2ms)[0m  SELECT "users".* FROM "users" WHERE "users"."remember_token" = 'da39a3ee5e6b4b0d3255bfef95601890afd80709' LIMIT 1
  [1m[36mCACHE (0.0ms)[0m  [1mSELECT "users".* FROM "users" WHERE "users"."remember_token" = 'da39a3ee5e6b4b0d3255bfef95601890afd80709' LIMIT 1[0m
  Rendered static_pages/home.html.erb within layouts/application (4.8ms)
Warning. Error encountered while saving cache 38e60e4117d84a89ac453a19490020a6fb74676d/custom.css.scssc: can't dump anonymous class #<Class:0x00000001f83d28>

Warning. Error encountered while saving cache aa647ce4cb1b7eaccbf5a0515cfdcf329e21f533/bootstrap.scssc: can't dump anonymous class #<Class:0x00000001f83d28>

Warning. Error encountered while saving cache abbb6fefa3c3cfba58f757ca814b5124a77f0bf5/bootstrap.scssc: can't dump anonymous class #<Class:0x00000001f83d28>

Warning. Error encountered while saving cache abbb6fefa3c3cfba58f757ca814b5124a77f0bf5/_variables.scssc: can't dump anonymous class #<Class:0x00000001f83d28>

Warning. Error encountered while saving cache abbb6fefa3c3cfba58f757ca814b5124a77f0bf5/_mixins.scssc: can't dump anonymous class #<Class:0x00000001f83d28>

Warning. Error encountered while saving cache abbb6fefa3c3cfba58f757ca814b5124a77f0bf5/_reset.scssc: can't dump anonymous class #<Class:0x00000001f83d28>

Warning. Error encountered while saving cache abbb6fefa3c3cfba58f757ca814b5124a77f0bf5/_scaffolding.scssc: can't dump anonymous class #<Class:0x00000001f83d28>

Warning. Error encountered while saving cache abbb6fefa3c3cfba58f757ca814b5124a77f0bf5/_grid.scssc: can't dump anonymous class #<Class:0x00000001f83d28>

Warning. Error encountered while saving cache abbb6fefa3c3cfba58f757ca814b5124a77f0bf5/_layouts.scssc: can't dump anonymous class #<Class:0x00000001f83d28>

Warning. Error encountered while saving cache abbb6fefa3c3cfba58f757ca814b5124a77f0bf5/_type.scssc: can't dump anonymous class #<Class:0x00000001f83d28>

Warning. Error encountered while saving cache abbb6fefa3c3cfba58f757ca814b5124a77f0bf5/_code.scssc: can't dump anonymous class #<Class:0x00000001f83d28>

Warning. Error encountered while saving cache abbb6fefa3c3cfba58f757ca814b5124a77f0bf5/_forms.scssc: can't dump anonymous class #<Class:0x00000001f83d28>

Warning. Error encountered while saving cache abbb6fefa3c3cfba58f757ca814b5124a77f0bf5/_tables.scssc: can't dump anonymous class #<Class:0x00000001f83d28>

Warning. Error encountered while saving cache abbb6fefa3c3cfba58f757ca814b5124a77f0bf5/_sprites.scssc: can't dump anonymous class #<Class:0x00000001f83d28>

Warning. Error encountered while saving cache abbb6fefa3c3cfba58f757ca814b5124a77f0bf5/_dropdowns.scssc: can't dump anonymous class #<Class:0x00000001f83d28>

Warning. Error encountered while saving cache abbb6fefa3c3cfba58f757ca814b5124a77f0bf5/_wells.scssc: can't dump anonymous class #<Class:0x00000001f83d28>

Warning. Error encountered while saving cache abbb6fefa3c3cfba58f757ca814b5124a77f0bf5/_component-animations.scssc: can't dump anonymous class #<Class:0x00000001f83d28>

Warning. Error encountered while saving cache abbb6fefa3c3cfba58f757ca814b5124a77f0bf5/_close.scssc: can't dump anonymous class #<Class:0x00000001f83d28>

Warning. Error encountered while saving cache abbb6fefa3c3cfba58f757ca814b5124a77f0bf5/_buttons.scssc: can't dump anonymous class #<Class:0x00000001f83d28>

Warning. Error encountered while saving cache abbb6fefa3c3cfba58f757ca814b5124a77f0bf5/_button-groups.scssc: can't dump anonymous class #<Class:0x00000001f83d28>

Warning. Error encountered while saving cache abbb6fefa3c3cfba58f757ca814b5124a77f0bf5/_alerts.scssc: can't dump anonymous class #<Class:0x00000001f83d28>

Warning. Error encountered while saving cache abbb6fefa3c3cfba58f757ca814b5124a77f0bf5/_navs.scssc: can't dump anonymous class #<Class:0x00000001f83d28>

Warning. Error encountered while saving cache abbb6fefa3c3cfba58f757ca814b5124a77f0bf5/_navbar.scssc: can't dump anonymous class #<Class:0x00000001f83d28>

Warning. Error encountered while saving cache abbb6fefa3c3cfba58f757ca814b5124a77f0bf5/_breadcrumbs.scssc: can't dump anonymous class #<Class:0x00000001f83d28>

Warning. Error encountered while saving cache abbb6fefa3c3cfba58f757ca814b5124a77f0bf5/_pagination.scssc: can't dump anonymous class #<Class:0x00000001f83d28>

Warning. Error encountered while saving cache abbb6fefa3c3cfba58f757ca814b5124a77f0bf5/_pager.scssc: can't dump anonymous class #<Class:0x00000001f83d28>

Warning. Error encountered while saving cache abbb6fefa3c3cfba58f757ca814b5124a77f0bf5/_modals.scssc: can't dump anonymous class #<Class:0x00000001f83d28>

Warning. Error encountered while saving cache abbb6fefa3c3cfba58f757ca814b5124a77f0bf5/_tooltip.scssc: can't dump anonymous class #<Class:0x00000001f83d28>

Warning. Error encountered while saving cache abbb6fefa3c3cfba58f757ca814b5124a77f0bf5/_popovers.scssc: can't dump anonymous class #<Class:0x00000001f83d28>

Warning. Error encountered while saving cache abbb6fefa3c3cfba58f757ca814b5124a77f0bf5/_thumbnails.scssc: can't dump anonymous class #<Class:0x00000001f83d28>

Warning. Error encountered while saving cache abbb6fefa3c3cfba58f757ca814b5124a77f0bf5/_media.scssc: can't dump anonymous class #<Class:0x00000001f83d28>

Warning. Error encountered while saving cache abbb6fefa3c3cfba58f757ca814b5124a77f0bf5/_labels-badges.scssc: can't dump anonymous class #<Class:0x00000001f83d28>

Warning. Error encountered while saving cache abbb6fefa3c3cfba58f757ca814b5124a77f0bf5/_progress-bars.scssc: can't dump anonymous class #<Class:0x00000001f83d28>

Warning. Error encountered while saving cache abbb6fefa3c3cfba58f757ca814b5124a77f0bf5/_accordion.scssc: can't dump anonymous class #<Class:0x00000001f83d28>

Warning. Error encountered while saving cache abbb6fefa3c3cfba58f757ca814b5124a77f0bf5/_carousel.scssc: can't dump anonymous class #<Class:0x00000001f83d28>

Warning. Error encountered while saving cache abbb6fefa3c3cfba58f757ca814b5124a77f0bf5/_hero-unit.scssc: can't dump anonymous class #<Class:0x00000001f83d28>

Warning. Error encountered while saving cache abbb6fefa3c3cfba58f757ca814b5124a77f0bf5/_utilities.scssc: can't dump anonymous class #<Class:0x00000001f83d28>

Warning. Error encountered while saving cache 38e60e4117d84a89ac453a19490020a6fb74676d/sessions.css.scssc: can't dump anonymous class #<Class:0x00000001f83d28>

Warning. Error encountered while saving cache 38e60e4117d84a89ac453a19490020a6fb74676d/static_pages.css.scssc: can't dump anonymous class #<Class:0x00000001f83d28>

Warning. Error encountered while saving cache 38e60e4117d84a89ac453a19490020a6fb74676d/users.css.scssc: can't dump anonymous class #<Class:0x00000001f83d28>

  Rendered layouts/_shim.html.erb (0.6ms)
  [1m[35mCACHE (0.0ms)[0m  SELECT "users".* FROM "users" WHERE "users"."remember_token" = 'da39a3ee5e6b4b0d3255bfef95601890afd80709' LIMIT 1
  Rendered layouts/_header.html.erb (2.7ms)
  Rendered layouts/_footer.html.erb (0.9ms)
Completed 200 OK in 4873ms (Views: 4779.5ms | ActiveRecord: 0.7ms)


Started GET "/assets/application.css?body=1" for 127.0.0.1 at 2014-04-23 15:24:17 -0700


Started GET "/assets/sessions.css?body=1" for 127.0.0.1 at 2014-04-23 15:24:17 -0700


Started GET "/assets/custom.css?body=1" for 127.0.0.1 at 2014-04-23 15:24:17 -0700


Started GET "/assets/users.css?body=1" for 127.0.0.1 at 2014-04-23 15:24:17 -0700


Started GET "/assets/static_pages.css?body=1" for 127.0.0.1 at 2014-04-23 15:24:17 -0700


Started GET "/assets/jquery.js?body=1" for 127.0.0.1 at 2014-04-23 15:24:17 -0700


Started GET "/assets/jquery_ujs.js?body=1" for 127.0.0.1 at 2014-04-23 15:24:17 -0700


Started GET "/assets/turbolinks.js?body=1" for 127.0.0.1 at 2014-04-23 15:24:17 -0700


Started GET "/assets/bootstrap-transition.js?body=1" for 127.0.0.1 at 2014-04-23 15:24:17 -0700


Started GET "/assets/bootstrap-alert.js?body=1" for 127.0.0.1 at 2014-04-23 15:24:17 -0700


Started GET "/assets/bootstrap-affix.js?body=1" for 127.0.0.1 at 2014-04-23 15:24:17 -0700


Started GET "/assets/bootstrap-button.js?body=1" for 127.0.0.1 at 2014-04-23 15:24:17 -0700


Started GET "/assets/bootstrap-carousel.js?body=1" for 127.0.0.1 at 2014-04-23 15:24:17 -0700


Started GET "/assets/bootstrap-collapse.js?body=1" for 127.0.0.1 at 2014-04-23 15:24:17 -0700


Started GET "/assets/bootstrap-dropdown.js?body=1" for 127.0.0.1 at 2014-04-23 15:24:17 -0700


Started GET "/assets/bootstrap-modal.js?body=1" for 127.0.0.1 at 2014-04-23 15:24:17 -0700


Started GET "/assets/bootstrap-scrollspy.js?body=1" for 127.0.0.1 at 2014-04-23 15:24:17 -0700


Started GET "/assets/bootstrap-tab.js?body=1" for 127.0.0.1 at 2014-04-23 15:24:17 -0700


Started GET "/assets/bootstrap-tooltip.js?body=1" for 127.0.0.1 at 2014-04-23 15:24:17 -0700


Started GET "/assets/bootstrap-popover.js?body=1" for 127.0.0.1 at 2014-04-23 15:24:17 -0700


Started GET "/assets/bootstrap-typeahead.js?body=1" for 127.0.0.1 at 2014-04-23 15:24:17 -0700


Started GET "/assets/bootstrap.js?body=1" for 127.0.0.1 at 2014-04-23 15:24:17 -0700


Started GET "/assets/sessions.js?body=1" for 127.0.0.1 at 2014-04-23 15:24:17 -0700


Started GET "/assets/static_pages.js?body=1" for 127.0.0.1 at 2014-04-23 15:24:17 -0700


Started GET "/assets/users.js?body=1" for 127.0.0.1 at 2014-04-23 15:24:17 -0700


Started GET "/assets/application.js?body=1" for 127.0.0.1 at 2014-04-23 15:24:17 -0700


Started GET "/assets/rails.png" for 127.0.0.1 at 2014-04-23 15:24:17 -0700


Started GET "/signup" for 127.0.0.1 at 2014-04-23 15:25:03 -0700
Processing by UsersController#new as HTML
  Rendered shared/_error_messages.html.erb (3.7ms)
  Rendered users/new.html.erb within layouts/application (640.2ms)
  Rendered layouts/_shim.html.erb (0.5ms)
  [1m[36mUser Load (0.3ms)[0m  [1mSELECT "users".* FROM "users" WHERE "users"."remember_token" = 'da39a3ee5e6b4b0d3255bfef95601890afd80709' LIMIT 1[0m
  Rendered layouts/_header.html.erb (3.0ms)
  Rendered layouts/_footer.html.erb (0.9ms)
Completed 200 OK in 674ms (Views: 662.8ms | ActiveRecord: 1.3ms)


Started POST "/users" for 127.0.0.1 at 2014-04-23 15:25:39 -0700
Processing by UsersController#create as HTML
  Parameters: {"utf8"=>"✓", "authenticity_token"=>"yOaEB4ZLTKDrrKme6iCcpL0Ivoj9us+yIGdWtS6cyWU=", "user"=>{"name"=>"fallaye", "email"=>"fallaye@hotmail.com", "password"=>"[FILTERED]", "password_confirmation"=>"[FILTERED]"}, "commit"=>"Create my account"}
  [1m[35m (0.2ms)[0m  begin transaction
  [1m[36mUser Exists (0.2ms)[0m  [1mSELECT 1 AS one FROM "users" WHERE LOWER("users"."email") = LOWER('fallaye@hotmail.com') LIMIT 1[0m
Binary data inserted for `string` type on column `password_digest`
  [1m[35mSQL (5.7ms)[0m  INSERT INTO "users" ("created_at", "email", "name", "password_digest", "remember_token", "updated_at") VALUES (?, ?, ?, ?, ?, ?)  [["created_at", Wed, 23 Apr 2014 22:25:40 UTC +00:00], ["email", "fallaye@hotmail.com"], ["name", "fallaye"], ["password_digest", "$2a$10$I7Q7hShzNe5gtX3HoQuBa.zXuUpu65bGLwYYuQHNdH9PJHUk6fPeq"], ["remember_token", "fe77fd2f859bc5b43386db78a1a8ea34601bdd20"], ["updated_at", Wed, 23 Apr 2014 22:25:40 UTC +00:00]]
  [1m[36m (528.0ms)[0m  [1mcommit transaction[0m
  [1m[35m (0.1ms)[0m  begin transaction
  [1m[36mSQL (0.6ms)[0m  [1mUPDATE "users" SET "remember_token" = ?, "updated_at" = ? WHERE "users"."id" = 1[0m  [["remember_token", "93e8118480a85722fd4826aecbee7a29593fadf3"], ["updated_at", Wed, 23 Apr 2014 22:25:40 UTC +00:00]]
  [1m[35m (216.9ms)[0m  commit transaction
Redirected to http://localhost:3000/users/1
Completed 302 Found in 889ms (ActiveRecord: 751.7ms)


Started GET "/users/1" for 127.0.0.1 at 2014-04-23 15:25:40 -0700
Processing by UsersController#show as HTML
  Parameters: {"id"=>"1"}
  [1m[36mUser Load (0.3ms)[0m  [1mSELECT "users".* FROM "users" WHERE "users"."id" = ? LIMIT 1[0m  [["id", "1"]]
  [1m[35m (0.4ms)[0m  SELECT COUNT(*) FROM "users" INNER JOIN "relationships" ON "users"."id" = "relationships"."followed_id" WHERE "relationships"."follower_id" = ?  [["follower_id", 1]]
  [1m[36m (0.3ms)[0m  [1mSELECT COUNT(*) FROM "users" INNER JOIN "relationships" ON "users"."id" = "relationships"."follower_id" WHERE "relationships"."followed_id" = ?[0m  [["followed_id", 1]]
  Rendered shared/_stats.html.erb (29.6ms)
  [1m[35mUser Load (0.2ms)[0m  SELECT "users".* FROM "users" WHERE "users"."remember_token" = '93e8118480a85722fd4826aecbee7a29593fadf3' LIMIT 1
  Rendered users/_follow_form.html.erb (0.9ms)
  [1m[36mMicropost Exists (0.4ms)[0m  [1mSELECT 1 AS one FROM "microposts" WHERE "microposts"."user_id" = ? ORDER BY created_at DESC LIMIT 1[0m  [["user_id", 1]]
  Rendered users/show.html.erb within layouts/application (40.6ms)
  Rendered layouts/_shim.html.erb (0.1ms)
  Rendered layouts/_header.html.erb (1.3ms)
  Rendered layouts/_footer.html.erb (0.4ms)
Completed 200 OK in 139ms (Views: 111.0ms | ActiveRecord: 2.3ms)


Started GET "/assets/application.css?body=1" for 127.0.0.1 at 2014-04-23 15:25:41 -0700


Started GET "/assets/custom.css?body=1" for 127.0.0.1 at 2014-04-23 15:25:41 -0700


Started GET "/assets/jquery_ujs.js?body=1" for 127.0.0.1 at 2014-04-23 15:25:41 -0700


Started GET "/assets/sessions.css?body=1" for 127.0.0.1 at 2014-04-23 15:25:41 -0700


Started GET "/assets/users.css?body=1" for 127.0.0.1 at 2014-04-23 15:25:41 -0700


Started GET "/assets/jquery.js?body=1" for 127.0.0.1 at 2014-04-23 15:25:41 -0700


Started GET "/assets/turbolinks.js?body=1" for 127.0.0.1 at 2014-04-23 15:25:41 -0700


Started GET "/assets/static_pages.css?body=1" for 127.0.0.1 at 2014-04-23 15:25:41 -0700


Started GET "/assets/bootstrap-transition.js?body=1" for 127.0.0.1 at 2014-04-23 15:25:41 -0700


Started GET "/assets/bootstrap-alert.js?body=1" for 127.0.0.1 at 2014-04-23 15:25:41 -0700


Started GET "/assets/bootstrap-affix.js?body=1" for 127.0.0.1 at 2014-04-23 15:25:41 -0700


Started GET "/assets/bootstrap-carousel.js?body=1" for 127.0.0.1 at 2014-04-23 15:25:41 -0700


Started GET "/assets/bootstrap-collapse.js?body=1" for 127.0.0.1 at 2014-04-23 15:25:41 -0700


Started GET "/assets/bootstrap-button.js?body=1" for 127.0.0.1 at 2014-04-23 15:25:41 -0700


Started GET "/assets/bootstrap-dropdown.js?body=1" for 127.0.0.1 at 2014-04-23 15:25:41 -0700


Started GET "/assets/bootstrap-modal.js?body=1" for 127.0.0.1 at 2014-04-23 15:25:41 -0700


Started GET "/assets/bootstrap-scrollspy.js?body=1" for 127.0.0.1 at 2014-04-23 15:25:41 -0700


Started GET "/assets/bootstrap-popover.js?body=1" for 127.0.0.1 at 2014-04-23 15:25:41 -0700


Started GET "/assets/bootstrap-tab.js?body=1" for 127.0.0.1 at 2014-04-23 15:25:41 -0700


Started GET "/assets/bootstrap-tooltip.js?body=1" for 127.0.0.1 at 2014-04-23 15:25:41 -0700


Started GET "/assets/bootstrap-typeahead.js?body=1" for 127.0.0.1 at 2014-04-23 15:25:41 -0700


Started GET "/assets/bootstrap.js?body=1" for 127.0.0.1 at 2014-04-23 15:25:41 -0700


Started GET "/assets/users.js?body=1" for 127.0.0.1 at 2014-04-23 15:25:41 -0700


Started GET "/assets/sessions.js?body=1" for 127.0.0.1 at 2014-04-23 15:25:41 -0700


Started GET "/assets/application.js?body=1" for 127.0.0.1 at 2014-04-23 15:25:41 -0700


Started GET "/assets/static_pages.js?body=1" for 127.0.0.1 at 2014-04-23 15:25:41 -0700


Started GET "/users" for 127.0.0.1 at 2014-04-23 15:25:53 -0700
Processing by UsersController#index as HTML
  [1m[35mUser Load (0.3ms)[0m  SELECT "users".* FROM "users" WHERE "users"."remember_token" = '93e8118480a85722fd4826aecbee7a29593fadf3' LIMIT 1
  [1m[36m (0.2ms)[0m  [1mSELECT COUNT(*) FROM "users"[0m
  [1m[35mUser Load (0.3ms)[0m  SELECT "users".* FROM "users" LIMIT 30 OFFSET 0
  Rendered users/_user.html.erb (2.1ms)
  Rendered users/index.html.erb within layouts/application (8.8ms)
  Rendered layouts/_shim.html.erb (0.1ms)
  Rendered layouts/_header.html.erb (1.2ms)
  Rendered layouts/_footer.html.erb (0.4ms)
Completed 200 OK in 35ms (Views: 30.9ms | ActiveRecord: 0.8ms)


Started GET "/users/1" for 127.0.0.1 at 2014-04-23 15:25:59 -0700
Processing by UsersController#show as HTML
  Parameters: {"id"=>"1"}
  [1m[36mUser Load (0.2ms)[0m  [1mSELECT "users".* FROM "users" WHERE "users"."id" = ? LIMIT 1[0m  [["id", "1"]]
  [1m[35m (0.2ms)[0m  SELECT COUNT(*) FROM "users" INNER JOIN "relationships" ON "users"."id" = "relationships"."followed_id" WHERE "relationships"."follower_id" = ?  [["follower_id", 1]]
  [1m[36m (0.1ms)[0m  [1mSELECT COUNT(*) FROM "users" INNER JOIN "relationships" ON "users"."id" = "relationships"."follower_id" WHERE "relationships"."followed_id" = ?[0m  [["followed_id", 1]]
  Rendered shared/_stats.html.erb (5.5ms)
  [1m[35mUser Load (0.3ms)[0m  SELECT "users".* FROM "users" WHERE "users"."remember_token" = '93e8118480a85722fd4826aecbee7a29593fadf3' LIMIT 1
  Rendered users/_follow_form.html.erb (1.2ms)
  [1m[36mMicropost Exists (0.2ms)[0m  [1mSELECT 1 AS one FROM "microposts" WHERE "microposts"."user_id" = ? ORDER BY created_at DESC LIMIT 1[0m  [["user_id", 1]]
  Rendered users/show.html.erb within layouts/application (14.7ms)
  Rendered layouts/_shim.html.erb (0.1ms)
  Rendered layouts/_header.html.erb (1.4ms)
  Rendered layouts/_footer.html.erb (0.3ms)
Completed 200 OK in 39ms (Views: 34.7ms | ActiveRecord: 1.1ms)


Started GET "/users" for 127.0.0.1 at 2014-04-23 15:26:01 -0700
Processing by UsersController#index as HTML
  [1m[35mUser Load (0.3ms)[0m  SELECT "users".* FROM "users" WHERE "users"."remember_token" = '93e8118480a85722fd4826aecbee7a29593fadf3' LIMIT 1
  [1m[36m (0.2ms)[0m  [1mSELECT COUNT(*) FROM "users"[0m
  [1m[35mUser Load (0.2ms)[0m  SELECT "users".* FROM "users" LIMIT 30 OFFSET 0
  Rendered users/_user.html.erb (1.1ms)
  Rendered users/index.html.erb within layouts/application (5.3ms)
  Rendered layouts/_shim.html.erb (0.1ms)
  Rendered layouts/_header.html.erb (1.2ms)
  Rendered layouts/_footer.html.erb (0.3ms)
Completed 200 OK in 37ms (Views: 33.4ms | ActiveRecord: 0.7ms)


Started GET "/" for 127.0.0.1 at 2014-04-23 15:26:05 -0700
Processing by StaticPagesController#home as HTML
  [1m[36mUser Load (0.3ms)[0m  [1mSELECT "users".* FROM "users" WHERE "users"."remember_token" = '93e8118480a85722fd4826aecbee7a29593fadf3' LIMIT 1[0m
  [1m[35m (0.3ms)[0m  SELECT COUNT(*) FROM "microposts" WHERE "microposts"."user_id" = ?  [["user_id", 1]]
  Rendered shared/_user_info.html.erb (4.5ms)
  [1m[36m (0.2ms)[0m  [1mSELECT COUNT(*) FROM "users" INNER JOIN "relationships" ON "users"."id" = "relationships"."followed_id" WHERE "relationships"."follower_id" = ?[0m  [["follower_id", 1]]
  [1m[35m (0.1ms)[0m  SELECT COUNT(*) FROM "users" INNER JOIN "relationships" ON "users"."id" = "relationships"."follower_id" WHERE "relationships"."followed_id" = ?  [["followed_id", 1]]
  Rendered shared/_stats.html.erb (4.4ms)
  Rendered shared/_error_messages.html.erb (0.1ms)
  Rendered shared/_micropost_form.html.erb (6.5ms)
  [1m[36m (0.3ms)[0m  [1mSELECT COUNT(*) FROM "microposts" WHERE (user_id IN (SELECT followed_id FROM relationships
 WHERE follower_id = 1) OR user_id = 1)[0m
  Rendered shared/_feed.html.erb (2.8ms)
  Rendered static_pages/home.html.erb within layouts/application (24.0ms)
  Rendered layouts/_shim.html.erb (0.1ms)
  Rendered layouts/_header.html.erb (1.3ms)
  Rendered layouts/_footer.html.erb (0.3ms)
Completed 200 OK in 112ms (Views: 42.1ms | ActiveRecord: 1.2ms)


Started POST "/microposts" for 127.0.0.1 at 2014-04-23 15:26:16 -0700
Processing by MicropostsController#create as HTML
  Parameters: {"utf8"=>"✓", "authenticity_token"=>"yOaEB4ZLTKDrrKme6iCcpL0Ivoj9us+yIGdWtS6cyWU=", "micropost"=>{"content"=>"fala"}, "commit"=>"Post"}
  [1m[35mUser Load (0.3ms)[0m  SELECT "users".* FROM "users" WHERE "users"."remember_token" = '93e8118480a85722fd4826aecbee7a29593fadf3' LIMIT 1
  [1m[36m (0.1ms)[0m  [1mbegin transaction[0m
  [1m[35mSQL (0.7ms)[0m  INSERT INTO "microposts" ("content", "created_at", "updated_at", "user_id") VALUES (?, ?, ?, ?)  [["content", "fala"], ["created_at", Wed, 23 Apr 2014 22:26:16 UTC +00:00], ["updated_at", Wed, 23 Apr 2014 22:26:16 UTC +00:00], ["user_id", 1]]
  [1m[36m (842.3ms)[0m  [1mcommit transaction[0m
Redirected to http://localhost:3000/
Completed 302 Found in 856ms (ActiveRecord: 843.5ms)


Started GET "/" for 127.0.0.1 at 2014-04-23 15:26:17 -0700
Processing by StaticPagesController#home as HTML
  [1m[35mUser Load (0.3ms)[0m  SELECT "users".* FROM "users" WHERE "users"."remember_token" = '93e8118480a85722fd4826aecbee7a29593fadf3' LIMIT 1
  [1m[36m (0.2ms)[0m  [1mSELECT COUNT(*) FROM "microposts" WHERE "microposts"."user_id" = ?[0m  [["user_id", 1]]
  Rendered shared/_user_info.html.erb (4.4ms)
  [1m[35m (0.2ms)[0m  SELECT COUNT(*) FROM "users" INNER JOIN "relationships" ON "users"."id" = "relationships"."followed_id" WHERE "relationships"."follower_id" = ?  [["follower_id", 1]]
  [1m[36m (0.1ms)[0m  [1mSELECT COUNT(*) FROM "users" INNER JOIN "relationships" ON "users"."id" = "relationships"."follower_id" WHERE "relationships"."followed_id" = ?[0m  [["followed_id", 1]]
  Rendered shared/_stats.html.erb (4.1ms)
  Rendered shared/_error_messages.html.erb (0.8ms)
  Rendered shared/_micropost_form.html.erb (4.7ms)
  [1m[35m (0.4ms)[0m  SELECT COUNT(*) FROM "microposts" WHERE (user_id IN (SELECT followed_id FROM relationships
 WHERE follower_id = 1) OR user_id = 1)
  [1m[36mMicropost Load (0.4ms)[0m  [1mSELECT "microposts".* FROM "microposts" WHERE (user_id IN (SELECT followed_id FROM relationships
 WHERE follower_id = 1) OR user_id = 1) ORDER BY created_at DESC LIMIT 30 OFFSET 0[0m
  [1m[35mUser Load (0.2ms)[0m  SELECT "users".* FROM "users" WHERE "users"."id" = ? LIMIT 1  [["id", 1]]
  Rendered shared/_feed_item.html.erb (9.2ms)
  Rendered shared/_feed.html.erb (15.9ms)
  Rendered static_pages/home.html.erb within layouts/application (33.2ms)
  Rendered layouts/_shim.html.erb (0.1ms)
  Rendered layouts/_header.html.erb (1.1ms)
  Rendered layouts/_footer.html.erb (0.4ms)
Completed 200 OK in 56ms (Views: 50.1ms | ActiveRecord: 1.7ms)


Started GET "/assets/application.css?body=1" for 127.0.0.1 at 2014-04-23 15:26:17 -0700


Started GET "/assets/custom.css?body=1" for 127.0.0.1 at 2014-04-23 15:26:17 -0700


Started GET "/assets/sessions.css?body=1" for 127.0.0.1 at 2014-04-23 15:26:17 -0700


Started GET "/assets/users.css?body=1" for 127.0.0.1 at 2014-04-23 15:26:17 -0700


Started GET "/assets/jquery.js?body=1" for 127.0.0.1 at 2014-04-23 15:26:17 -0700


Started GET "/assets/static_pages.css?body=1" for 127.0.0.1 at 2014-04-23 15:26:17 -0700


Started GET "/assets/bootstrap-transition.js?body=1" for 127.0.0.1 at 2014-04-23 15:26:17 -0700


Started GET "/assets/turbolinks.js?body=1" for 127.0.0.1 at 2014-04-23 15:26:17 -0700


Started GET "/assets/jquery_ujs.js?body=1" for 127.0.0.1 at 2014-04-23 15:26:17 -0700


Started GET "/assets/bootstrap-affix.js?body=1" for 127.0.0.1 at 2014-04-23 15:26:17 -0700


Started GET "/assets/bootstrap-button.js?body=1" for 127.0.0.1 at 2014-04-23 15:26:17 -0700


Started GET "/assets/bootstrap-alert.js?body=1" for 127.0.0.1 at 2014-04-23 15:26:17 -0700


Started GET "/assets/bootstrap-carousel.js?body=1" for 127.0.0.1 at 2014-04-23 15:26:17 -0700


Started GET "/assets/bootstrap-collapse.js?body=1" for 127.0.0.1 at 2014-04-23 15:26:17 -0700


Started GET "/assets/bootstrap-dropdown.js?body=1" for 127.0.0.1 at 2014-04-23 15:26:17 -0700


Started GET "/assets/bootstrap-modal.js?body=1" for 127.0.0.1 at 2014-04-23 15:26:17 -0700


Started GET "/assets/bootstrap-tooltip.js?body=1" for 127.0.0.1 at 2014-04-23 15:26:17 -0700


Started GET "/assets/bootstrap-scrollspy.js?body=1" for 127.0.0.1 at 2014-04-23 15:26:17 -0700


Started GET "/assets/bootstrap-tab.js?body=1" for 127.0.0.1 at 2014-04-23 15:26:17 -0700


Started GET "/assets/bootstrap-popover.js?body=1" for 127.0.0.1 at 2014-04-23 15:26:17 -0700


Started GET "/assets/bootstrap.js?body=1" for 127.0.0.1 at 2014-04-23 15:26:17 -0700


Started GET "/assets/bootstrap-typeahead.js?body=1" for 127.0.0.1 at 2014-04-23 15:26:17 -0700


Started GET "/assets/users.js?body=1" for 127.0.0.1 at 2014-04-23 15:26:17 -0700


Started GET "/assets/sessions.js?body=1" for 127.0.0.1 at 2014-04-23 15:26:17 -0700


Started GET "/assets/static_pages.js?body=1" for 127.0.0.1 at 2014-04-23 15:26:17 -0700


Started GET "/assets/application.js?body=1" for 127.0.0.1 at 2014-04-23 15:26:17 -0700
  [1m[36mActiveRecord::SchemaMigration Load (0.2ms)[0m  [1mSELECT "schema_migrations".* FROM "schema_migrations"[0m
  [1m[35mActiveRecord::SchemaMigration Load (0.2ms)[0m  SELECT "schema_migrations".* FROM "schema_migrations"


Started GET "/" for 127.0.0.1 at 2014-04-23 16:05:57 -0700
  [1m[36mActiveRecord::SchemaMigration Load (0.3ms)[0m  [1mSELECT "schema_migrations".* FROM "schema_migrations"[0m
Processing by StaticPagesController#home as HTML
  [1m[35mUser Load (0.3ms)[0m  SELECT "users".* FROM "users" WHERE "users"."remember_token" = '93e8118480a85722fd4826aecbee7a29593fadf3' LIMIT 1
  [1m[36m (0.3ms)[0m  [1mSELECT COUNT(*) FROM "microposts" WHERE "microposts"."user_id" = ?[0m  [["user_id", 1]]
  Rendered shared/_user_info.html.erb (5.0ms)
  [1m[35m (0.3ms)[0m  SELECT COUNT(*) FROM "users" INNER JOIN "relationships" ON "users"."id" = "relationships"."followed_id" WHERE "relationships"."follower_id" = ?  [["follower_id", 1]]
  [1m[36m (0.3ms)[0m  [1mSELECT COUNT(*) FROM "users" INNER JOIN "relationships" ON "users"."id" = "relationships"."follower_id" WHERE "relationships"."followed_id" = ?[0m  [["followed_id", 1]]
  Rendered shared/_stats.html.erb (76.7ms)
  Rendered shared/_error_messages.html.erb (3.5ms)
  Rendered shared/_micropost_form.html.erb (38.5ms)
  [1m[35m (0.3ms)[0m  SELECT COUNT(*) FROM "microposts" WHERE (user_id IN (SELECT followed_id FROM relationships
 WHERE follower_id = 1) OR user_id = 1)
  [1m[36mMicropost Load (0.4ms)[0m  [1mSELECT "microposts".* FROM "microposts" WHERE (user_id IN (SELECT followed_id FROM relationships
 WHERE follower_id = 1) OR user_id = 1) ORDER BY created_at DESC LIMIT 30 OFFSET 0[0m
  [1m[35mUser Load (0.4ms)[0m  SELECT "users".* FROM "users" WHERE "users"."id" = ? LIMIT 1  [["id", 1]]
  Rendered shared/_feed_item.html.erb (265.3ms)
  Rendered shared/_feed.html.erb (272.6ms)
  Rendered static_pages/home.html.erb within layouts/application (402.3ms)
  Rendered layouts/_shim.html.erb (0.5ms)
  Rendered layouts/_header.html.erb (2.2ms)
  Rendered layouts/_footer.html.erb (1.0ms)
Completed 200 OK in 811ms (Views: 676.6ms | ActiveRecord: 3.8ms)


Started GET "/assets/application.css?body=1" for 127.0.0.1 at 2014-04-23 16:05:58 -0700


Started GET "/assets/custom.css?body=1" for 127.0.0.1 at 2014-04-23 16:05:59 -0700


Started GET "/assets/sessions.css?body=1" for 127.0.0.1 at 2014-04-23 16:05:59 -0700


Started GET "/assets/jquery.js?body=1" for 127.0.0.1 at 2014-04-23 16:05:59 -0700


Started GET "/assets/users.css?body=1" for 127.0.0.1 at 2014-04-23 16:05:59 -0700


Started GET "/assets/static_pages.css?body=1" for 127.0.0.1 at 2014-04-23 16:05:59 -0700


Started GET "/assets/jquery_ujs.js?body=1" for 127.0.0.1 at 2014-04-23 16:05:59 -0700


Started GET "/assets/turbolinks.js?body=1" for 127.0.0.1 at 2014-04-23 16:05:59 -0700


Started GET "/assets/bootstrap-transition.js?body=1" for 127.0.0.1 at 2014-04-23 16:05:59 -0700


Started GET "/assets/bootstrap-alert.js?body=1" for 127.0.0.1 at 2014-04-23 16:05:59 -0700


Started GET "/assets/bootstrap-affix.js?body=1" for 127.0.0.1 at 2014-04-23 16:05:59 -0700


Started GET "/assets/bootstrap-button.js?body=1" for 127.0.0.1 at 2014-04-23 16:05:59 -0700


Started GET "/assets/bootstrap-carousel.js?body=1" for 127.0.0.1 at 2014-04-23 16:05:59 -0700


Started GET "/assets/bootstrap-dropdown.js?body=1" for 127.0.0.1 at 2014-04-23 16:05:59 -0700


Started GET "/assets/bootstrap-collapse.js?body=1" for 127.0.0.1 at 2014-04-23 16:05:59 -0700


Started GET "/assets/bootstrap-modal.js?body=1" for 127.0.0.1 at 2014-04-23 16:05:59 -0700


Started GET "/assets/bootstrap-scrollspy.js?body=1" for 127.0.0.1 at 2014-04-23 16:05:59 -0700


Started GET "/assets/bootstrap-tab.js?body=1" for 127.0.0.1 at 2014-04-23 16:05:59 -0700


Started GET "/assets/bootstrap-tooltip.js?body=1" for 127.0.0.1 at 2014-04-23 16:05:59 -0700


Started GET "/assets/bootstrap-popover.js?body=1" for 127.0.0.1 at 2014-04-23 16:05:59 -0700


Started GET "/assets/bootstrap-typeahead.js?body=1" for 127.0.0.1 at 2014-04-23 16:05:59 -0700


Started GET "/assets/bootstrap.js?body=1" for 127.0.0.1 at 2014-04-23 16:05:59 -0700


Started GET "/assets/sessions.js?body=1" for 127.0.0.1 at 2014-04-23 16:05:59 -0700


Started GET "/assets/static_pages.js?body=1" for 127.0.0.1 at 2014-04-23 16:05:59 -0700


Started GET "/assets/users.js?body=1" for 127.0.0.1 at 2014-04-23 16:05:59 -0700


Started GET "/assets/application.js?body=1" for 127.0.0.1 at 2014-04-23 16:05:59 -0700
